Determining if the -Wl,--no-undefined linker flag is supported passed with the following output:
Change Dir: '/home/user/github-export-mainnet/build/CMakeFiles/CMakeTmp'

Run Build Command(s): /usr/bin/cmake -E env VERBOSE=1 /usr/bin/gmake -f Makefile cmTC_e991d/fast
/usr/bin/gmake  -f CMakeFiles/cmTC_e991d.dir/build.make CMakeFiles/cmTC_e991d.dir/build
gmake[1]: Entering directory '/home/user/github-export-mainnet/build/CMakeFiles/CMakeTmp'
Building C object CMakeFiles/cmTC_e991d.dir/CheckLinkerFlag.c.o
/usr/bin/cc   -Wl,--no-undefined    -Wl,--no-undefined -o CMakeFiles/cmTC_e991d.dir/CheckLinkerFlag.c.o -c /home/user/github-export-mainnet/cmake/CheckLinkerFlag.c
Linking C executable cmTC_e991d
/usr/bin/cmake -E cmake_link_script CMakeFiles/cmTC_e991d.dir/link.txt --verbose=1
/usr/bin/cc -Wl,--no-undefined  -Wl,--no-undefined  -rdynamic CMakeFiles/cmTC_e991d.dir/CheckLinkerFlag.c.o -o cmTC_e991d 
gmake[1]: Leaving directory '/home/user/github-export-mainnet/build/CMakeFiles/CMakeTmp'



Determining if the -Wl,-undefined,error linker flag is supported passed with the following output:
Change Dir: '/home/user/github-export-mainnet/build/CMakeFiles/CMakeTmp'

Run Build Command(s): /usr/bin/cmake -E env VERBOSE=1 /usr/bin/gmake -f Makefile cmTC_deacc/fast
/usr/bin/gmake  -f CMakeFiles/cmTC_deacc.dir/build.make CMakeFiles/cmTC_deacc.dir/build
gmake[1]: Entering directory '/home/user/github-export-mainnet/build/CMakeFiles/CMakeTmp'
Building C object CMakeFiles/cmTC_deacc.dir/CheckLinkerFlag.c.o
/usr/bin/cc   -Wl,-undefined,error    -Wl,-undefined,error -o CMakeFiles/cmTC_deacc.dir/CheckLinkerFlag.c.o -c /home/user/github-export-mainnet/cmake/CheckLinkerFlag.c
Linking C executable cmTC_deacc
/usr/bin/cmake -E cmake_link_script CMakeFiles/cmTC_deacc.dir/link.txt --verbose=1
/usr/bin/cc -Wl,-undefined,error  -Wl,-undefined,error  -rdynamic CMakeFiles/cmTC_deacc.dir/CheckLinkerFlag.c.o -o cmTC_deacc 
gmake[1]: Leaving directory '/home/user/github-export-mainnet/build/CMakeFiles/CMakeTmp'



Determining if the -pie linker flag is supported passed with the following output:
Change Dir: '/home/user/github-export-mainnet/build/CMakeFiles/CMakeTmp'

Run Build Command(s): /usr/bin/cmake -E env VERBOSE=1 /usr/bin/gmake -f Makefile cmTC_e9766/fast
/usr/bin/gmake  -f CMakeFiles/cmTC_e9766.dir/build.make CMakeFiles/cmTC_e9766.dir/build
gmake[1]: Entering directory '/home/user/github-export-mainnet/build/CMakeFiles/CMakeTmp'
Building C object CMakeFiles/cmTC_e9766.dir/CheckLinkerFlag.c.o
/usr/bin/cc   -pie    -pie -o CMakeFiles/cmTC_e9766.dir/CheckLinkerFlag.c.o -c /home/user/github-export-mainnet/cmake/CheckLinkerFlag.c
Linking C executable cmTC_e9766
/usr/bin/cmake -E cmake_link_script CMakeFiles/cmTC_e9766.dir/link.txt --verbose=1
/usr/bin/cc -pie  -pie  -rdynamic CMakeFiles/cmTC_e9766.dir/CheckLinkerFlag.c.o -o cmTC_e9766 
gmake[1]: Leaving directory '/home/user/github-export-mainnet/build/CMakeFiles/CMakeTmp'



Determining if the -Wl,-z,relro linker flag is supported passed with the following output:
Change Dir: '/home/user/github-export-mainnet/build/CMakeFiles/CMakeTmp'

Run Build Command(s): /usr/bin/cmake -E env VERBOSE=1 /usr/bin/gmake -f Makefile cmTC_48ce6/fast
/usr/bin/gmake  -f CMakeFiles/cmTC_48ce6.dir/build.make CMakeFiles/cmTC_48ce6.dir/build
gmake[1]: Entering directory '/home/user/github-export-mainnet/build/CMakeFiles/CMakeTmp'
Building C object CMakeFiles/cmTC_48ce6.dir/CheckLinkerFlag.c.o
/usr/bin/cc   -Wl,-z,relro    -Wl,-z,relro -o CMakeFiles/cmTC_48ce6.dir/CheckLinkerFlag.c.o -c /home/user/github-export-mainnet/cmake/CheckLinkerFlag.c
Linking C executable cmTC_48ce6
/usr/bin/cmake -E cmake_link_script CMakeFiles/cmTC_48ce6.dir/link.txt --verbose=1
/usr/bin/cc -Wl,-z,relro  -Wl,-z,relro  -rdynamic CMakeFiles/cmTC_48ce6.dir/CheckLinkerFlag.c.o -o cmTC_48ce6 
gmake[1]: Leaving directory '/home/user/github-export-mainnet/build/CMakeFiles/CMakeTmp'



Determining if the -Wl,-z,now linker flag is supported passed with the following output:
Change Dir: '/home/user/github-export-mainnet/build/CMakeFiles/CMakeTmp'

Run Build Command(s): /usr/bin/cmake -E env VERBOSE=1 /usr/bin/gmake -f Makefile cmTC_88774/fast
/usr/bin/gmake  -f CMakeFiles/cmTC_88774.dir/build.make CMakeFiles/cmTC_88774.dir/build
gmake[1]: Entering directory '/home/user/github-export-mainnet/build/CMakeFiles/CMakeTmp'
Building C object CMakeFiles/cmTC_88774.dir/CheckLinkerFlag.c.o
/usr/bin/cc   -Wl,-z,now    -Wl,-z,now -o CMakeFiles/cmTC_88774.dir/CheckLinkerFlag.c.o -c /home/user/github-export-mainnet/cmake/CheckLinkerFlag.c
Linking C executable cmTC_88774
/usr/bin/cmake -E cmake_link_script CMakeFiles/cmTC_88774.dir/link.txt --verbose=1
/usr/bin/cc -Wl,-z,now  -Wl,-z,now  -rdynamic CMakeFiles/cmTC_88774.dir/CheckLinkerFlag.c.o -o cmTC_88774 
gmake[1]: Leaving directory '/home/user/github-export-mainnet/build/CMakeFiles/CMakeTmp'



Determining if the -Wl,-z,noexecstack linker flag is supported passed with the following output:
Change Dir: '/home/user/github-export-mainnet/build/CMakeFiles/CMakeTmp'

Run Build Command(s): /usr/bin/cmake -E env VERBOSE=1 /usr/bin/gmake -f Makefile cmTC_bd0dc/fast
/usr/bin/gmake  -f CMakeFiles/cmTC_bd0dc.dir/build.make CMakeFiles/cmTC_bd0dc.dir/build
gmake[1]: Entering directory '/home/user/github-export-mainnet/build/CMakeFiles/CMakeTmp'
Building C object CMakeFiles/cmTC_bd0dc.dir/CheckLinkerFlag.c.o
/usr/bin/cc   -Wl,-z,noexecstack    -Wl,-z,noexecstack -o CMakeFiles/cmTC_bd0dc.dir/CheckLinkerFlag.c.o -c /home/user/github-export-mainnet/cmake/CheckLinkerFlag.c
Linking C executable cmTC_bd0dc
/usr/bin/cmake -E cmake_link_script CMakeFiles/cmTC_bd0dc.dir/link.txt --verbose=1
/usr/bin/cc -Wl,-z,noexecstack  -Wl,-z,noexecstack  -rdynamic CMakeFiles/cmTC_bd0dc.dir/CheckLinkerFlag.c.o -o cmTC_bd0dc 
gmake[1]: Leaving directory '/home/user/github-export-mainnet/build/CMakeFiles/CMakeTmp'



